<?xml version="1.0" encoding="UTF-8"?>
<testsuite xmlns:xsi="http://www.w3.org/2001/XMLSchema-instance" xsi:noNamespaceSchemaLocation="https://maven.apache.org/surefire/maven-surefire-plugin/xsd/surefire-test-report.xsd" name="com.example.securingweb.SecuringWebApplicationTests" time="12.675" tests="10" errors="0" skipped="0" failures="0">
  <properties>
[...]
</properties>
  <testcase name="accessUnsecuredResourceThenOk" classname="com.example.securingweb.SecuringWebApplicationTests" time="0.992"/>
  <testcase name="accessSecuredResourceUnauthenticatedThenRedirectsToLogin" classname="com.example.securingweb.SecuringWebApplicationTests" time="0.014"/>
  <testcase name="loginWithInvalidUserThenUnauthenticated" classname="com.example.securingweb.SecuringWebApplicationTests" time="1.195"/>
  <testcase name="loginWithValidUserThenAuthenticated" classname="com.example.securingweb.SecuringWebApplicationTests" time="0.138"/>
  <testcase name="updateTaskTest" classname="com.example.securingweb.SecuringWebApplicationTests" time="0.241"/>
  <testcase name="newTaskTest" classname="com.example.securingweb.SecuringWebApplicationTests" time="0.046"/>
  <testcase name="accessSecuredResourceAuthenticatedThenOk" classname="com.example.securingweb.SecuringWebApplicationTests" time="0.104"/>
  <testcase name="getTaskListTest" classname="com.example.securingweb.SecuringWebApplicationTests" time="0.026"/>
  <testcase name="getTaskTest" classname="com.example.securingweb.SecuringWebApplicationTests" time="0.019"/>
  <testcase name="deleteTaskTest" classname="com.example.securingweb.SecuringWebApplicationTests" time="0.033"/>
</testsuite>